<?xml version="1.0" encoding="UTF-8"?>
<testng-results skipped="0" failed="0" ignored="0" total="1" passed="1">
  <reporter-output>
  </reporter-output>
  <suite name="Test1" duration-ms="29326" started-at="2018-04-08T19:39:21Z" finished-at="2018-04-08T19:39:50Z">
    <groups>
    </groups>
    <test name="Command line test" duration-ms="29326" started-at="2018-04-08T19:39:21Z" finished-at="2018-04-08T19:39:50Z">
      <class name="Test1">
        <test-method status="PASS" signature="setUp()[pri:0, instance:Test1@60addb54]" name="setUp" is-config="true" duration-ms="4312" started-at="2018-04-08T19:39:21Z" finished-at="2018-04-08T19:39:25Z">
          <reporter-output>
          </reporter-output>
        </test-method> <!-- setUp -->
        <test-method status="PASS" signature="testBaseRunner()[pri:0, instance:Test1@60addb54]" name="testBaseRunner" duration-ms="23878" started-at="2018-04-08T19:39:25Z" finished-at="2018-04-08T19:39:49Z">
          <reporter-output>
          </reporter-output>
        </test-method> <!-- testBaseRunner -->
        <test-method status="PASS" signature="tearDown()[pri:0, instance:Test1@60addb54]" name="tearDown" is-config="true" duration-ms="1112" started-at="2018-04-08T19:39:49Z" finished-at="2018-04-08T19:39:50Z">
          <reporter-output>
          </reporter-output>
        </test-method> <!-- tearDown -->
      </class> <!-- Test1 -->
    </test> <!-- Command line test -->
  </suite> <!-- Test1 -->
</testng-results>
